#
# A fatal error has been detected by the Java Runtime Environment:
#
#  EXCEPTION_ACCESS_VIOLATION (0xc0000005) at pc=0x000000008036aee7, pid=2616, tid=3136
#
# JRE version: 7.0_05-b05
# Java VM: Java HotSpot(TM) 64-Bit Server VM (23.1-b03 mixed mode windows-amd64 compressed oops)
# Problematic frame:
# C  [ig4icd64.dll+0x36aee7]
#
# Failed to write core dump. Minidumps are not enabled by default on client versions of Windows
#
# If you would like to submit a bug report, please visit:
#   http://bugreport.sun.com/bugreport/crash.jsp
# The crash happened outside the Java Virtual Machine in native code.
# See problematic frame for where to report the bug.
#

---------------  T H R E A D  ---------------

Current thread (0x0000000010a00800):  JavaThread "Animation Thread" [_thread_in_native, id=3136, stack(0x0000000012940000,0x0000000012a40000)]

siginfo: ExceptionCode=0xc0000005, reading address 0x0000000000000000

Registers:
RAX=0x0000000000000001, RBX=0x0000000012be0080, RCX=0x000000008036aee7, RDX=0x0000000012be16a8
RSP=0x0000000012a3ecf0, RBP=0x0000000000000000, RSI=0x0000000000000003, RDI=0x0000000000000005
R8 =0x0000000012be17e8, R9 =0x0000000000000000, R10=0x0000000012be0080, R11=0x0000000012be04c0
R12=0x0000000000000002, R13=0x0000000000000000, R14=0x0000000000000001, R15=0x0000000000000000
RIP=0x000000008036aee7, EFLAGS=0x0000000000010206

Top of Stack: (sp=0x0000000012a3ecf0)
0x0000000012a3ecf0:   0000000012be0080 00000001801130f6
0x0000000012a3ed00:   0000000010a00800 00000000d0226c38
0x0000000012a3ed10:   00000000105e1a50 0000000068b9cdd6
0x0000000012a3ed20:   0000000010a00800 0000000012a3ee60
0x0000000012a3ed30:   00000000d2500468 0000000000000000
0x0000000012a3ed40:   00000000024968a6 000000000232d7a1
0x0000000012a3ed50:   00000000d2500468 0000000012a3ee20
0x0000000012a3ed60:   00000000d0226c38 0000000010a00800
0x0000000012a3ed70:   0000000000000000 0000000000000000
0x0000000012a3ed80:   000000000d025be8 00000000024a2388
0x0000000012a3ed90:   0000000010a009d8 0000000012a3ee60
0x0000000012a3eda0:   0000000000000408 0000000000001200
0x0000000012a3edb0:   0000000000000000 0000000000000000
0x0000000012a3edc0:   00000000000000b9 0000000010a00800
0x0000000012a3edd0:   0000000010a00800 0000000012a3eed8
0x0000000012a3ede0:   0000000012a3ede0 00000000d2500468 

Instructions: (pc=0x000000008036aee7)
0x000000008036aec7:   00 00 01 41 83 8a 98 59 00 00 10 41 83 8a 28 6a
0x000000008036aed7:   00 00 10 49 81 4a 30 00 00 00 50 48 83 c4 08 c3
0x000000008036aee7:   41 8b 09 89 0a 41 8b 41 04 89 42 04 41 8b 41 08
0x000000008036aef7:   89 42 08 41 8b 41 0c 89 42 0c 41 89 0b 8b 02 41 


Register to memory mapping:

RAX=0x0000000000000001 is an unknown value
RBX=0x0000000012be0080 is an unknown value
RCX=0x000000008036aee7 is an unknown value
RDX=0x0000000012be16a8 is an unknown value
RSP=0x0000000012a3ecf0 is pointing into the stack for thread: 0x0000000010a00800
RBP=0x0000000000000000 is an unknown value
RSI=0x0000000000000003 is an unknown value
RDI=0x0000000000000005 is an unknown value
R8 =0x0000000012be17e8 is an unknown value
R9 =0x0000000000000000 is an unknown value
R10=0x0000000012be0080 is an unknown value
R11=0x0000000012be04c0 is an unknown value
R12=0x0000000000000002 is an unknown value
R13=0x0000000000000000 is an unknown value
R14=0x0000000000000001 is an unknown value
R15=0x0000000000000000 is an unknown value


Stack: [0x0000000012940000,0x0000000012a40000],  sp=0x0000000012a3ecf0,  free space=1019k
Native frames: (J=compiled Java code, j=interpreted, Vv=VM code, C=native code)
C  [ig4icd64.dll+0x36aee7]

[error occurred during error reporting (printing native stack), id 0xc0000005]

Java frames: (J=compiled Java code, j=interpreted, Vv=VM code)
j  com.sun.opengl.impl.GLImpl.glMaterialfv0(IILjava/lang/Object;I)V+0
j  com.sun.opengl.impl.GLImpl.glMaterialfv(IILjava/nio/FloatBuffer;)V+19
j  org.mt4j.util.opengl.GLMaterial.apply()V+14
j  org.mt4j.components.visibleComponents.AbstractVisibleComponent.preDraw(Lprocessing/core/PGraphics;)V+16
j  org.mt4j.components.MTCanvas.drawUpdateRecursive(Lorg/mt4j/components/MTComponent;JLprocessing/core/PGraphics;)V+288
j  org.mt4j.components.MTCanvas.drawUpdateRecursive(Lorg/mt4j/components/MTComponent;JLprocessing/core/PGraphics;)V+389
j  org.mt4j.components.MTCanvas.drawUpdateRecursive(Lorg/mt4j/components/MTComponent;JLprocessing/core/PGraphics;)V+262
j  org.mt4j.components.MTCanvas.drawAndUpdateCanvas(Lprocessing/core/PGraphics;J)V+56
j  org.mt4j.sceneManagement.SimpleAbstractScene.drawAndUpdate(Lprocessing/core/PGraphics;J)V+100
j  org.mt4j.MTApplication.runApplication()V+194
j  org.mt4j.MTApplication.draw()V+9
j  processing.core.PApplet.handleDraw()V+145
j  processing.core.PApplet.run()V+72
j  java.lang.Thread.run()V+11
v  ~StubRoutines::call_stub

---------------  P R O C E S S  ---------------

Java Threads: ( => current thread )
  0x000000001a48a800 JavaThread "ForkJoinScheduler" [_thread_blocked, id=3628, stack(0x000000001c7e0000,0x000000001c8e0000)]
  0x000000001a48a000 JavaThread "ForkJoinPool-2-worker-7" daemon [_thread_blocked, id=4600, stack(0x000000001c560000,0x000000001c660000)]
  0x000000001a489000 JavaThread "ForkJoinPool-2-worker-6" daemon [_thread_blocked, id=5996, stack(0x000000001c280000,0x000000001c380000)]
  0x000000001a488800 JavaThread "ForkJoinPool-2-worker-5" daemon [_thread_blocked, id=4460, stack(0x000000001c380000,0x000000001c480000)]
  0x000000001a487800 JavaThread "ForkJoinPool-2-worker-4" daemon [_thread_blocked, id=604, stack(0x000000001c140000,0x000000001c240000)]
  0x000000001a487000 JavaThread "ForkJoinPool-2-worker-3" daemon [_thread_blocked, id=2924, stack(0x0000000012380000,0x0000000012480000)]
  0x0000000010e6d000 JavaThread "ForkJoinPool-2-worker-2" daemon [_thread_blocked, id=3124, stack(0x0000000017c60000,0x0000000017d60000)]
  0x0000000010e6c000 JavaThread "ForkJoinPool-2-worker-1" daemon [_thread_blocked, id=6136, stack(0x000000001afd0000,0x000000001b0d0000)]
  0x0000000010e6b000 JavaThread "ForkJoinPool-2-worker-0" daemon [_thread_blocked, id=4480, stack(0x0000000017e70000,0x0000000017f70000)]
  0x0000000010e6a800 JavaThread "StatusWatcher" daemon [_thread_blocked, id=5660, stack(0x00000000181a0000,0x00000000182a0000)]
  0x0000000010e69800 JavaThread "UDP.Receiver(/127.0.0.1:57110)" [_thread_in_native, id=2580, stack(0x0000000017fc0000,0x00000000180c0000)]
  0x0000000010e69000 JavaThread "ForkJoinScheduler" daemon [_thread_blocked, id=4836, stack(0x00000000177d0000,0x00000000178d0000)]
  0x0000000010e68000 JavaThread "ForkJoinPool-1-worker-7" daemon [_thread_blocked, id=5976, stack(0x0000000017d60000,0x0000000017e60000)]
  0x0000000010e67800 JavaThread "ForkJoinPool-1-worker-6" daemon [_thread_blocked, id=6064, stack(0x0000000017b10000,0x0000000017c10000)]
  0x0000000010e66800 JavaThread "ForkJoinPool-1-worker-5" daemon [_thread_blocked, id=4124, stack(0x0000000017900000,0x0000000017a00000)]
  0x0000000010e66000 JavaThread "ForkJoinPool-1-worker-4" daemon [_thread_blocked, id=1176, stack(0x00000000176a0000,0x00000000177a0000)]
  0x0000000010a07000 JavaThread "ForkJoinPool-1-worker-3" daemon [_thread_blocked, id=2388, stack(0x0000000016fd0000,0x00000000170d0000)]
  0x0000000010a06000 JavaThread "ForkJoinPool-1-worker-2" daemon [_thread_blocked, id=4944, stack(0x0000000012220000,0x0000000012320000)]
  0x0000000010a05800 JavaThread "ForkJoinPool-1-worker-1" daemon [_thread_blocked, id=4312, stack(0x0000000012120000,0x0000000012220000)]
  0x0000000010a04800 JavaThread "ForkJoinPool-1-worker-0" daemon [_thread_blocked, id=4844, stack(0x0000000011fa0000,0x00000000120a0000)]
  0x0000000010a04000 JavaThread "Thread-8" [_thread_in_native, id=5068, stack(0x00000000175a0000,0x00000000176a0000)]
  0x0000000010a03000 JavaThread "Thread-7" [_thread_in_native, id=1620, stack(0x0000000017460000,0x0000000017560000)]
  0x0000000010a02000 JavaThread "Timer-0" daemon [_thread_blocked, id=4508, stack(0x0000000017320000,0x0000000017420000)]
  0x0000000010a01800 JavaThread "Thread-3" [_thread_in_native, id=3096, stack(0x0000000017140000,0x0000000017240000)]
=>0x0000000010a00800 JavaThread "Animation Thread" [_thread_in_native, id=3136, stack(0x0000000012940000,0x0000000012a40000)]
  0x0000000010914000 JavaThread "AWT-EventQueue-0" [_thread_blocked, id=5680, stack(0x0000000011d30000,0x0000000011e30000)]
  0x00000000108f7000 JavaThread "AWT-Windows" daemon [_thread_in_native, id=4164, stack(0x0000000011bc0000,0x0000000011cc0000)]
  0x00000000108f6800 JavaThread "AWT-Shutdown" [_thread_blocked, id=4612, stack(0x0000000011a40000,0x0000000011b40000)]
  0x00000000108c1800 JavaThread "Java2D Disposer" daemon [_thread_blocked, id=2088, stack(0x0000000011920000,0x0000000011a20000)]
  0x0000000010834000 JavaThread "pool-4-thread-5" [_thread_blocked, id=1068, stack(0x0000000011640000,0x0000000011740000)]
  0x00000000105ad800 JavaThread "pool-4-thread-4" [_thread_blocked, id=4792, stack(0x0000000010040000,0x0000000010140000)]
  0x00000000104dc000 JavaThread "pool-4-thread-3" [_thread_blocked, id=1540, stack(0x00000000113d0000,0x00000000114d0000)]
  0x0000000010837000 JavaThread "pool-4-thread-2" [_thread_blocked, id=2900, stack(0x000000000fe70000,0x000000000ff70000)]
  0x00000000106db800 JavaThread "pool-4-thread-1" [_thread_blocked, id=4180, stack(0x00000000112a0000,0x00000000113a0000)]
  0x000000000cfd0000 JavaThread "Service Thread" daemon [_thread_blocked, id=1216, stack(0x000000000ebb0000,0x000000000ecb0000)]
  0x000000000cfce800 JavaThread "C2 CompilerThread1" daemon [_thread_blocked, id=3408, stack(0x000000000e9f0000,0x000000000eaf0000)]
  0x000000000cfc7000 JavaThread "C2 CompilerThread0" daemon [_thread_blocked, id=4732, stack(0x000000000e7b0000,0x000000000e8b0000)]
  0x000000000cfc6000 JavaThread "Attach Listener" daemon [_thread_blocked, id=3452, stack(0x000000000e560000,0x000000000e660000)]
  0x000000000cfbf000 JavaThread "Signal Dispatcher" daemon [_thread_blocked, id=5888, stack(0x000000000e6b0000,0x000000000e7b0000)]
  0x0000000002285800 JavaThread "Finalizer" daemon [_thread_blocked, id=5176, stack(0x000000000e460000,0x000000000e560000)]
  0x000000000227f000 JavaThread "Reference Handler" daemon [_thread_blocked, id=4640, stack(0x000000000e270000,0x000000000e370000)]
  0x000000000231c800 JavaThread "main" [_thread_blocked, id=5084, stack(0x0000000002390000,0x0000000002490000)]

Other Threads:
  0x000000000cf42800 VMThread [stack: 0x000000000e050000,0x000000000e150000] [id=676]
  0x000000000cfef000 WatcherThread [stack: 0x000000000e8c0000,0x000000000e9c0000] [id=5968]

VM state:not at safepoint (normal execution)

VM Mutex/Monitor currently owned by a thread: None

Heap
 PSYoungGen      total 144640K, used 71153K [0x00000000f5560000, 0x0000000000000000, 0x0000000000000000)
  eden space 114560K, 35% used [0x00000000f5560000,0x00000000f7d7f660,0x00000000fc540000)
  from space 30080K, 99% used [0x00000000fc540000,0x00000000fe29d038,0x00000000fe2a0000)
  to   space 30080K, 0% used [0x00000000fe2a0000,0x00000000fe2a0000,0x0000000000000000)
 ParOldGen       total 73280K, used 45806K [0x00000000e0000000, 0x00000000e4790000, 0x00000000f5560000)
  object space 73280K, 62% used [0x00000000e0000000,0x00000000e2cbbac0,0x00000000e4790000)
 PSPermGen       total 99136K, used 66551K [0x00000000d0000000, 0x00000000d60d0000, 0x00000000e0000000)
  object space 99136K, 67% used [0x00000000d0000000,0x00000000d40fde40,0x00000000d60d0000)

Code Cache  [0x0000000002490000, 0x0000000002b80000, 0x000000000a490000)
 total_blobs=2922 nmethods=2126 adapters=745 free_code_cache=124151Kb largest_free_block=126976000

Compilation events (10 events):
Event: 16.929 Thread 0x000000000cfc7000 nmethod 2329 0x0000000002781fd0 code [0x0000000002782100, 0x0000000002782178]
Event: 16.929 Thread 0x000000000cfc7000 2330             org.mt4j.util.math.Vertex::getSubtracted (59 bytes)
Event: 16.931 Thread 0x000000000cfc7000 nmethod 2330 0x00000000026dfe90 code [0x00000000026dffe0, 0x00000000026e0138]
Event: 16.931 Thread 0x000000000cfc7000   21 %           org.mt4j.components.bounds.BoundingSphere::averagePoints @ 63 (127 bytes)
Event: 16.937 Thread 0x000000000cfc7000 nmethod 21% 0x0000000002780510 code [0x00000000027806a0, 0x00000000027809f8]
Event: 16.965 Thread 0x000000000cfc7000 2331             java.io.FilePermission::access$000 (5 bytes)
Event: 16.965 Thread 0x000000000cfc7000 nmethod 2331 0x00000000026dfc90 code [0x00000000026dfdc0, 0x00000000026dfe18]
Event: 17.110 Thread 0x000000000cfc7000 2332             org.mt4j.components.bounds.BoundingSphere::averagePoints (127 bytes)
Event: 17.120 Thread 0x000000000cfc7000 nmethod 2332 0x0000000002897210 code [0x00000000028973c0, 0x0000000002897918]
Event: 17.144 Thread 0x000000000cfce800 nmethod 19% 0x00000000028dfd50 code [0x00000000028e0520, 0x00000000028e67c0]

GC Heap History (10 events):
Event: 4.243 GC heap before
{Heap before GC invocations=6 (full 0):
 PSYoungGen      total 65856K, used 65824K [0x00000000f5560000, 0x00000000fe1e0000, 0x0000000000000000)
  eden space 63232K, 100% used [0x00000000f5560000,0x00000000f9320000,0x00000000f9320000)
  from space 2624K, 98% used [0x00000000f9320000,0x00000000f95a8020,0x00000000f95b0000)
  to   space 8704K, 0% used [0x00000000fd960000,0x00000000fd960000,0x00000000fe1e0000)
 ParOldGen       total 42112K, used 15081K [0x00000000e0000000, 0x00000000e2920000, 0x00000000f5560000)
  object space 42112K, 35% used [0x00000000e0000000,0x00000000e0eba6c0,0x00000000e2920000)
 PSPermGen       total 30272K, used 30140K [0x00000000d0000000, 0x00000000d1d90000, 0x00000000e0000000)
  object space 30272K, 99% used [0x00000000d0000000,0x00000000d1d6f0a8,0x00000000d1d90000)
Event: 4.257 GC heap after
Heap after GC invocations=6 (full 0):
 PSYoungGen      total 134272K, used 5648K [0x00000000f5560000, 0x00000000fe100000, 0x0000000000000000)
  eden space 126464K, 0% used [0x00000000f5560000,0x00000000f5560000,0x00000000fd0e0000)
  from space 7808K, 72% used [0x00000000fd960000,0x00000000fdee4010,0x00000000fe100000)
  to   space 8256K, 0% used [0x00000000fd0e0000,0x00000000fd0e0000,0x00000000fd8f0000)
 ParOldGen       total 42112K, used 15081K [0x00000000e0000000, 0x00000000e2920000, 0x00000000f5560000)
  object space 42112K, 35% used [0x00000000e0000000,0x00000000e0eba6c0,0x00000000e2920000)
 PSPermGen       total 30272K, used 30140K [0x00000000d0000000, 0x00000000d1d90000, 0x00000000e0000000)
  object space 30272K, 99% used [0x00000000d0000000,0x00000000d1d6f0a8,0x00000000d1d90000)
}
Event: 6.772 GC heap before
{Heap before GC invocations=7 (full 0):
 PSYoungGen      total 134272K, used 132112K [0x00000000f5560000, 0x00000000fe100000, 0x0000000000000000)
  eden space 126464K, 100% used [0x00000000f5560000,0x00000000fd0e0000,0x00000000fd0e0000)
  from space 7808K, 72% used [0x00000000fd960000,0x00000000fdee4010,0x00000000fe100000)
  to   space 8256K, 0% used [0x00000000fd0e0000,0x00000000fd0e0000,0x00000000fd8f0000)
 ParOldGen       total 42112K, used 15081K [0x00000000e0000000, 0x00000000e2920000, 0x00000000f5560000)
  object space 42112K, 35% used [0x00000000e0000000,0x00000000e0eba6c0,0x00000000e2920000)
 PSPermGen       total 49472K, used 49453K [0x00000000d0000000, 0x00000000d3050000, 0x00000000e0000000)
  object space 49472K, 99% used [0x00000000d0000000,0x00000000d304b608,0x00000000d3050000)
Event: 6.811 GC heap after
Heap after GC invocations=7 (full 0):
 PSYoungGen      total 134720K, used 8224K [0x00000000f5560000, 0x0000000000000000, 0x0000000000000000)
  eden space 126464K, 0% used [0x00000000f5560000,0x00000000f5560000,0x00000000fd0e0000)
  from space 8256K, 99% used [0x00000000fd0e0000,0x00000000fd8e80d0,0x00000000fd8f0000)
  to   space 20224K, 0% used [0x00000000fec40000,0x00000000fec40000,0x0000000000000000)
 ParOldGen       total 42112K, used 37135K [0x00000000e0000000, 0x00000000e2920000, 0x00000000f5560000)
  object space 42112K, 88% used [0x00000000e0000000,0x00000000e2443ec0,0x00000000e2920000)
 PSPermGen       total 49472K, used 49453K [0x00000000d0000000, 0x00000000d3050000, 0x00000000e0000000)
  object space 49472K, 99% used [0x00000000d0000000,0x00000000d304b608,0x00000000d3050000)
}
Event: 6.811 GC heap before
{Heap before GC invocations=8 (full 1):
 PSYoungGen      total 134720K, used 8224K [0x00000000f5560000, 0x0000000000000000, 0x0000000000000000)
  eden space 126464K, 0% used [0x00000000f5560000,0x00000000f5560000,0x00000000fd0e0000)
  from space 8256K, 99% used [0x00000000fd0e0000,0x00000000fd8e80d0,0x00000000fd8f0000)
  to   space 20224K, 0% used [0x00000000fec40000,0x00000000fec40000,0x0000000000000000)
 ParOldGen       total 42112K, used 37135K [0x00000000e0000000, 0x00000000e2920000, 0x00000000f5560000)
  object space 42112K, 88% used [0x00000000e0000000,0x00000000e2443ec0,0x00000000e2920000)
 PSPermGen       total 49472K, used 49453K [0x00000000d0000000, 0x00000000d3050000, 0x00000000e0000000)
  object space 49472K, 99% used [0x00000000d0000000,0x00000000d304b608,0x00000000d3050000)
Event: 7.050 GC heap after
Heap after GC invocations=8 (full 1):
 PSYoungGen      total 134720K, used 0K [0x00000000f5560000, 0x0000000000000000, 0x0000000000000000)
  eden space 126464K, 0% used [0x00000000f5560000,0x00000000f5560000,0x00000000fd0e0000)
  from space 8256K, 0% used [0x00000000fd0e0000,0x00000000fd0e0000,0x00000000fd8f0000)
  to   space 20224K, 0% used [0x00000000fec40000,0x00000000fec40000,0x0000000000000000)
 ParOldGen       total 73280K, used 31304K [0x00000000e0000000, 0x00000000e4790000, 0x00000000f5560000)
  object space 73280K, 42% used [0x00000000e0000000,0x00000000e1e922b0,0x00000000e4790000)
 PSPermGen       total 99136K, used 49386K [0x00000000d0000000, 0x00000000d60d0000, 0x00000000e0000000)
  object space 99136K, 49% used [0x00000000d0000000,0x00000000d303a9f0,0x00000000d60d0000)
}
Event: 11.499 GC heap before
{Heap before GC invocations=9 (full 1):
 PSYoungGen      total 134720K, used 126464K [0x00000000f5560000, 0x0000000000000000, 0x0000000000000000)
  eden space 126464K, 100% used [0x00000000f5560000,0x00000000fd0e0000,0x00000000fd0e0000)
  from space 8256K, 0% used [0x00000000fd0e0000,0x00000000fd0e0000,0x00000000fd8f0000)
  to   space 20224K, 0% used [0x00000000fec40000,0x00000000fec40000,0x0000000000000000)
 ParOldGen       total 73280K, used 31304K [0x00000000e0000000, 0x00000000e4790000, 0x00000000f5560000)
  object space 73280K, 42% used [0x00000000e0000000,0x00000000e1e922b0,0x00000000e4790000)
 PSPermGen       total 99136K, used 59521K [0x00000000d0000000, 0x00000000d60d0000, 0x00000000e0000000)
  object space 99136K, 60% used [0x00000000d0000000,0x00000000d3a207d8,0x00000000d60d0000)
Event: 11.539 GC heap after
Heap after GC invocations=9 (full 1):
 PSYoungGen      total 134784K, used 20199K [0x00000000f5560000, 0x0000000000000000, 0x0000000000000000)
  eden space 114560K, 0% used [0x00000000f5560000,0x00000000f5560000,0x00000000fc540000)
  from space 20224K, 99% used [0x00000000fec40000,0x00000000ffff9fe8,0x0000000000000000)
  to   space 30080K, 0% used [0x00000000fc540000,0x00000000fc540000,0x00000000fe2a0000)
 ParOldGen       total 73280K, used 45806K [0x00000000e0000000, 0x00000000e4790000, 0x00000000f5560000)
  object space 73280K, 62% used [0x00000000e0000000,0x00000000e2cbbac0,0x00000000e4790000)
 PSPermGen       total 99136K, used 59521K [0x00000000d0000000, 0x00000000d60d0000, 0x00000000e0000000)
  object space 99136K, 60% used [0x00000000d0000000,0x00000000d3a207d8,0x00000000d60d0000)
}
Event: 16.599 GC heap before
{Heap before GC invocations=10 (full 1):
 PSYoungGen      total 134784K, used 134759K [0x00000000f5560000, 0x0000000000000000, 0x0000000000000000)
  eden space 114560K, 100% used [0x00000000f5560000,0x00000000fc540000,0x00000000fc540000)
  from space 20224K, 99% used [0x00000000fec40000,0x00000000ffff9fe8,0x0000000000000000)
  to   space 30080K, 0% used [0x00000000fc540000,0x00000000fc540000,0x00000000fe2a0000)
 ParOldGen       total 73280K, used 45806K [0x00000000e0000000, 0x00000000e4790000, 0x00000000f5560000)
  object space 73280K, 62% used [0x00000000e0000000,0x00000000e2cbbac0,0x00000000e4790000)
 PSPermGen       total 99136K, used 65059K [0x00000000d0000000, 0x00000000d60d0000, 0x00000000e0000000)
  object space 99136K, 65% used [0x00000000d0000000,0x00000000d3f88fa8,0x00000000d60d0000)
Event: 16.640 GC heap after
Heap after GC invocations=10 (full 1):
 PSYoungGen      total 144640K, used 30068K [0x00000000f5560000, 0x0000000000000000, 0x0000000000000000)
  eden space 114560K, 0% used [0x00000000f5560000,0x00000000f5560000,0x00000000fc540000)
  from space 30080K, 99% used [0x00000000fc540000,0x00000000fe29d038,0x00000000fe2a0000)
  to   space 30080K, 0% used [0x00000000fe2a0000,0x00000000fe2a0000,0x0000000000000000)
 ParOldGen       total 73280K, used 45806K [0x00000000e0000000, 0x00000000e4790000, 0x00000000f5560000)
  object space 73280K, 62% used [0x00000000e0000000,0x00000000e2cbbac0,0x00000000e4790000)
 PSPermGen       total 99136K, used 65059K [0x00000000d0000000, 0x00000000d60d0000, 0x00000000e0000000)
  object space 99136K, 65% used [0x00000000d0000000,0x00000000d3f88fa8,0x00000000d60d0000)
}

Deoptimization events (10 events):
Event: 15.658 Thread 0x0000000010a00800 Uncommon trap -83 fr.pc 0x0000000002ad01ac
Event: 15.979 Thread 0x0000000010a00800 Uncommon trap -58 fr.pc 0x00000000026fe580
Event: 15.983 Thread 0x0000000010a00800 Uncommon trap -58 fr.pc 0x00000000026fe580
Event: 16.155 Thread 0x0000000010a00800 Uncommon trap -34 fr.pc 0x000000000254dcd0
Event: 16.370 Thread 0x0000000010a00800 Uncommon trap -34 fr.pc 0x0000000002a54600
Event: 16.370 Thread 0x0000000010a00800 Uncommon trap -34 fr.pc 0x0000000002a54600
Event: 16.425 Thread 0x0000000010a00800 Uncommon trap -58 fr.pc 0x0000000002765098
Event: 16.649 Thread 0x0000000010a00800 Uncommon trap -34 fr.pc 0x000000000254dcd0
Event: 16.932 Thread 0x0000000010a00800 Uncommon trap -122 fr.pc 0x000000000276dbb8
Event: 16.932 Thread 0x0000000010a00800 Uncommon trap -122 fr.pc 0x0000000002886e40

Internal exceptions (10 events):
Event: 17.161 Thread 0x000000001a489000 Threw 0x00000000f7cfdee0 at C:\jdk7u1_64p\jdk7u5\hotspot\src\share\vm\prims\jvm.cpp:1166
Event: 17.161 Thread 0x000000001a489000 Threw 0x00000000f7cfea40 at C:\jdk7u1_64p\jdk7u5\hotspot\src\share\vm\prims\jvm.cpp:1166
Event: 17.162 Thread 0x0000000010e6b000 Threw 0x00000000f7b678a0 at C:\jdk7u1_64p\jdk7u5\hotspot\src\share\vm\prims\jvm.cpp:1166
Event: 17.162 Thread 0x0000000010e6b000 Threw 0x00000000f7b68d18 at C:\jdk7u1_64p\jdk7u5\hotspot\src\share\vm\prims\jvm.cpp:1166
Event: 17.162 Thread 0x0000000010e6b000 Threw 0x00000000f7b69400 at C:\jdk7u1_64p\jdk7u5\hotspot\src\share\vm\prims\jvm.cpp:1166
Event: 17.163 Thread 0x0000000010e6b000 Threw 0x00000000f7b69f60 at C:\jdk7u1_64p\jdk7u5\hotspot\src\share\vm\prims\jvm.cpp:1166
Event: 17.180 Thread 0x0000000010a00800 Threw 0x00000000f7a802b8 at C:\jdk7u1_64p\jdk7u5\hotspot\src\share\vm\prims\jvm.cpp:1166
Event: 17.181 Thread 0x0000000010a00800 Threw 0x00000000f7a81330 at C:\jdk7u1_64p\jdk7u5\hotspot\src\share\vm\prims\jvm.cpp:1166
Event: 17.181 Thread 0x0000000010a00800 Threw 0x00000000f7a818f8 at C:\jdk7u1_64p\jdk7u5\hotspot\src\share\vm\prims\jvm.cpp:1166
Event: 17.181 Thread 0x0000000010a00800 Threw 0x00000000f7a82140 at C:\jdk7u1_64p\jdk7u5\hotspot\src\share\vm\prims\jvm.cpp:1166

Events (10 events):
Event: 17.180 loading class 0x0000000010b03370
Event: 17.183 loading class 0x0000000010b03370 done
Event: 17.183 loading class 0x000000000f935840
Event: 17.184 loading class 0x000000000f935840 done
Event: 17.184 loading class 0x0000000018659f50
Event: 17.185 loading class 0x000000000f6f4630
Event: 17.185 loading class 0x000000000ee858e0
Event: 17.185 loading class 0x000000000ee858e0 done
Event: 17.185 loading class 0x000000000f6f4630 done
Event: 17.185 loading class 0x0000000018659f50 done


Dynamic libraries:
0x000000003fc50000 - 0x000000003fc83000 	C:\Windows\system32\java.exe
0x0000000077660000 - 0x0000000077809000 	C:\Windows\SYSTEM32\ntdll.dll
0x0000000077540000 - 0x000000007765f000 	C:\Windows\system32\kernel32.dll
0x00000000fdda0000 - 0x00000000fde0b000 	C:\Windows\system32\KERNELBASE.dll
0x00000000fe470000 - 0x00000000fe54b000 	C:\Windows\system32\ADVAPI32.dll
0x00000000fe070000 - 0x00000000fe10f000 	C:\Windows\system32\msvcrt.dll
0x00000000fe820000 - 0x00000000fe83f000 	C:\Windows\SYSTEM32\sechost.dll
0x00000000fe550000 - 0x00000000fe67d000 	C:\Windows\system32\RPCRT4.dll
0x0000000077440000 - 0x000000007753a000 	C:\Windows\system32\USER32.dll
0x00000000fe680000 - 0x00000000fe6e7000 	C:\Windows\system32\GDI32.dll
0x00000000fe8e0000 - 0x00000000fe8ee000 	C:\Windows\system32\LPK.dll
0x00000000fe900000 - 0x00000000fe9c9000 	C:\Windows\system32\USP10.dll
0x00000000fc510000 - 0x00000000fc704000 	C:\Windows\WinSxS\amd64_microsoft.windows.common-controls_6595b64144ccf1df_6.0.7601.17514_none_fa396087175ac9ac\COMCTL32.dll
0x00000000fe9d0000 - 0x00000000fea41000 	C:\Windows\system32\SHLWAPI.dll
0x00000000fead0000 - 0x00000000feafe000 	C:\Windows\system32\IMM32.DLL
0x00000000fe6f0000 - 0x00000000fe7f9000 	C:\Windows\system32\MSCTF.dll
0x000000006b3c0000 - 0x000000006b491000 	C:\Program Files\Java\jre7\bin\msvcr100.dll
0x0000000068b20000 - 0x000000006923a000 	C:\Program Files\Java\jre7\bin\server\jvm.dll
0x00000000f8ca0000 - 0x00000000f8ca9000 	C:\Windows\system32\WSOCK32.dll
0x00000000fe110000 - 0x00000000fe15d000 	C:\Windows\system32\WS2_32.dll
0x00000000fe8f0000 - 0x00000000fe8f8000 	C:\Windows\system32\NSI.dll
0x00000000f5970000 - 0x00000000f59ab000 	C:\Windows\system32\WINMM.dll
0x0000000077820000 - 0x0000000077827000 	C:\Windows\system32\PSAPI.DLL
0x000000006c4a0000 - 0x000000006c4af000 	C:\Program Files\Java\jre7\bin\verify.dll
0x000000006c2c0000 - 0x000000006c2e8000 	C:\Program Files\Java\jre7\bin\java.dll
0x000000006c1b0000 - 0x000000006c1c5000 	C:\Program Files\Java\jre7\bin\zip.dll
0x00000000fca00000 - 0x00000000fca0a000 	C:\Users\ghagerer\AppData\Local\Temp\jansi-64-1.7.dll
0x0000000070a20000 - 0x0000000070ac3000 	C:\Windows\WinSxS\amd64_microsoft.vc90.crt_1fc8b3b9a1e18e3b_9.0.30729.6161_none_08e61857a83bc251\MSVCR90.dll
0x000000006b3a0000 - 0x000000006b3b9000 	C:\Program Files\Java\jre7\bin\net.dll
0x00000000fd2f0000 - 0x00000000fd345000 	C:\Windows\system32\mswsock.dll
0x00000000fd2e0000 - 0x00000000fd2e7000 	C:\Windows\System32\wship6.dll
0x000000006b380000 - 0x000000006b391000 	C:\Program Files\Java\jre7\bin\nio.dll
0x00000000fd540000 - 0x00000000fd557000 	C:\Windows\system32\CRYPTSP.dll
0x00000000fd050000 - 0x00000000fd097000 	C:\Windows\system32\rsaenh.dll
0x00000000fcdc0000 - 0x00000000fcdde000 	C:\Windows\system32\USERENV.dll
0x00000000fdac0000 - 0x00000000fdacf000 	C:\Windows\system32\profapi.dll
0x00000000fd9b0000 - 0x00000000fd9bf000 	C:\Windows\system32\CRYPTBASE.dll
0x00000000fb9a0000 - 0x00000000fb9b5000 	C:\Windows\system32\NLAapi.dll
0x00000000fb690000 - 0x00000000fb6a5000 	C:\Windows\system32\napinsp.dll
0x00000000fb650000 - 0x00000000fb669000 	C:\Windows\system32\pnrpnsp.dll
0x00000000fd170000 - 0x00000000fd1cb000 	C:\Windows\system32\DNSAPI.dll
0x00000000fb480000 - 0x00000000fb48b000 	C:\Windows\System32\winrnr.dll
0x00000000fa570000 - 0x00000000fa59f000 	C:\Program Files\Common Files\Microsoft Shared\Windows Live\WLIDNSP.DLL
0x00000000fb470000 - 0x00000000fb480000 	C:\Windows\system32\wshbth.dll
0x00000000fcca0000 - 0x00000000fcca7000 	C:\Windows\System32\wshtcpip.dll
0x00000000fb380000 - 0x00000000fb3a7000 	C:\Windows\system32\IPHLPAPI.DLL
0x00000000fb500000 - 0x00000000fb50b000 	C:\Windows\system32\WINNSI.DLL
0x00000000fa560000 - 0x00000000fa568000 	C:\Windows\system32\rasadhlp.dll
0x00000000fa760000 - 0x00000000fa7b3000 	C:\Windows\System32\fwpuclnt.dll
0x000000006b1e0000 - 0x000000006b374000 	C:\Program Files\Java\jre7\bin\awt.dll
0x00000000feb00000 - 0x00000000febd7000 	C:\Windows\system32\OLEAUT32.dll
0x00000000fe160000 - 0x00000000fe363000 	C:\Windows\system32\ole32.dll
0x00000000fc070000 - 0x00000000fc0c6000 	C:\Windows\system32\uxtheme.dll
0x00000000fbc70000 - 0x00000000fbc88000 	C:\Windows\system32\dwmapi.dll
0x000000006b1a0000 - 0x000000006b1d4000 	C:\Program Files\Java\jre7\bin\fontmanager.dll
0x0000000002320000 - 0x000000000237a000 	C:\Users\ghagerer\AppData\Local\Temp\sbt_33557aad\jogl.dll
0x00000000f57c0000 - 0x00000000f58dd000 	C:\Windows\system32\OPENGL32.dll
0x00000000f5770000 - 0x00000000f579d000 	C:\Windows\system32\GLU32.dll
0x00000000f5670000 - 0x00000000f5761000 	C:\Windows\system32\DDRAW.dll
0x00000000f5660000 - 0x00000000f5668000 	C:\Windows\system32\DCIMAN32.dll
0x00000000fde90000 - 0x00000000fe067000 	C:\Windows\system32\SETUPAPI.dll
0x00000000fde50000 - 0x00000000fde86000 	C:\Windows\system32\CFGMGR32.dll
0x00000000fdb70000 - 0x00000000fdb8a000 	C:\Windows\system32\DEVOBJ.dll
0x00000000746a0000 - 0x0000000074769000 	C:\Windows\WinSxS\amd64_microsoft.vc80.crt_1fc8b3b9a1e18e3b_8.0.50727.6195_none_88e41e092fab0294\MSVCR80.dll
0x000000006c3d0000 - 0x000000006c3d7000 	C:\Users\ghagerer\AppData\Local\Temp\sbt_33557aad\jawt.dll
0x0000000010000000 - 0x0000000010007000 	C:\Users\ghagerer\AppData\Local\Temp\sbt_33557aad\jogl_awt.dll
0x0000000080000000 - 0x00000000811eb000 	C:\Windows\system32\ig4icd64.dll
0x00000000f70f0000 - 0x00000000f710b000 	C:\Users\ghagerer\AppData\Local\Temp\sbt_33557aad\Win7Touch64.dll
0x00000000fd950000 - 0x00000000fd9a7000 	C:\Windows\system32\apphelp.dll
0x00000000f7c90000 - 0x00000000f7db5000 	C:\Windows\system32\dbghelp.dll

VM Arguments:
jvm_args: -Xmx512M -XX:MaxPermSize=256m -XX:ReservedCodeCacheSize=128m -Dsbt.log.format=true 
java_command: SbtJansiLaunch run
Launcher Type: SUN_STANDARD

Environment Variables:
PATH=C:\Program Files\Common Files\Microsoft Shared\Windows Live;C:\Program Files (x86)\Common Files\Microsoft Shared\Windows Live;C:\Windows\system32;C:\Windows;C:\Windows\System32\Wbem;C:\Windows\System32\WindowsPowerShell\v1.0\;C:\Program Files (x86)\Windows Live\Shared;C:\Program Files (x86)\Intel\Services\IPT\;C:\Program Files\TortoiseSVN\bin;C:\Program Files\Java\jdk1.7.0_05\bin;C:\Program Files\Java\jre7\bin;C:\Program Files (x86)\MultiMarkdown;C:\Program Files\LaTeX\MiKTeX 2.9\miktex\bin\x64\;C:\play;C:\Program Files (x86)\Windows Kits\8.0\Windows Performance Toolkit\;C:\Program Files (x86)\scala\bin;C:\Program Files\TortoiseGit\bin;C:\Program Files (x86)\Git\cmd;C:\Program Files (x86)\sbt\;C:\wamp\bin\php\php5.3.13;
USERNAME=ghagerer
OS=Windows_NT
PROCESSOR_IDENTIFIER=Intel64 Family 6 Model 42 Stepping 7, GenuineIntel



---------------  S Y S T E M  ---------------

OS: Windows 7 , 64 bit Build 7601 Service Pack 1

CPU:total 4 (2 cores per cpu, 2 threads per core) family 6 model 42 stepping 7, cmov, cx8, fxsr, mmx, sse, sse2, sse3, ssse3, sse4.1, sse4.2, popcnt, avx, ht, tsc, tscinvbit

Memory: 4k page, physical 4042096k(855752k free), swap 10101292k(5621664k free)

vm_info: Java HotSpot(TM) 64-Bit Server VM (23.1-b03) for windows-amd64 JRE (1.7.0_05-b05), built on May 15 2012 18:09:30 by "java_re" with unknown MS VC++:1600

time: Thu Jun 06 11:01:35 2013
elapsed time: 17 seconds

