#
# A fatal error has been detected by the Java Runtime Environment:
#
#  EXCEPTION_ACCESS_VIOLATION (0xc0000005) at pc=0x000000008036aee7, pid=3232, tid=5604
#
# JRE version: 7.0_05-b05
# Java VM: Java HotSpot(TM) 64-Bit Server VM (23.1-b03 mixed mode windows-amd64 compressed oops)
# Problematic frame:
# C  [ig4icd64.dll+0x36aee7]
#
# Failed to write core dump. Minidumps are not enabled by default on client versions of Windows
#
# If you would like to submit a bug report, please visit:
#   http://bugreport.sun.com/bugreport/crash.jsp
# The crash happened outside the Java Virtual Machine in native code.
# See problematic frame for where to report the bug.
#

---------------  T H R E A D  ---------------

Current thread (0x000000000ceee000):  JavaThread "Animation Thread" [_thread_in_native, id=5604, stack(0x0000000016ab0000,0x0000000016bb0000)]

siginfo: ExceptionCode=0xc0000005, reading address 0x0000000000000000

Registers:
RAX=0x0000000000000001, RBX=0x0000000016f70080, RCX=0x000000008036aee7, RDX=0x0000000016f716a8
RSP=0x0000000016baed40, RBP=0x0000000000000000, RSI=0x0000000000000003, RDI=0x0000000000000005
R8 =0x0000000016f717e8, R9 =0x0000000000000000, R10=0x0000000016f70080, R11=0x0000000016f704c0
R12=0x0000000000000002, R13=0x0000000000000000, R14=0x0000000000000001, R15=0x0000000000000000
RIP=0x000000008036aee7, EFLAGS=0x0000000000010206

Top of Stack: (sp=0x0000000016baed40)
0x0000000016baed40:   0000000016f70080 00000001801130f6
0x0000000016baed50:   000000000ceee000 00000000d0226c38
0x0000000016baed60:   0000000011b1c100 000000006847cdd6
0x0000000016baed70:   000000000ceee000 0000000016baeeb0
0x0000000016baed80:   00000000d3ad8488 0000000000000000
0x0000000016baed90:   00000000024b68a6 000000000231d7a1
0x0000000016baeda0:   00000000d3ad8488 0000000016baee70
0x0000000016baedb0:   00000000d0226c38 000000000ceee000
0x0000000016baedc0:   0000000000000000 0000000000000000
0x0000000016baedd0:   000000000faca608 00000000024c2388
0x0000000016baede0:   000000000ceee1d8 0000000016baeeb0
0x0000000016baedf0:   0000000000000408 0000000000001200
0x0000000016baee00:   0000000000000000 0000000000000000
0x0000000016baee10:   00000000000000b9 000000000ceee000
0x0000000016baee20:   000000000ceee000 0000000016baef28
0x0000000016baee30:   0000000016baee30 00000000d3ad8488 

Instructions: (pc=0x000000008036aee7)
0x000000008036aec7:   00 00 01 41 83 8a 98 59 00 00 10 41 83 8a 28 6a
0x000000008036aed7:   00 00 10 49 81 4a 30 00 00 00 50 48 83 c4 08 c3
0x000000008036aee7:   41 8b 09 89 0a 41 8b 41 04 89 42 04 41 8b 41 08
0x000000008036aef7:   89 42 08 41 8b 41 0c 89 42 0c 41 89 0b 8b 02 41 


Register to memory mapping:

RAX=0x0000000000000001 is an unknown value
RBX=0x0000000016f70080 is an unknown value
RCX=0x000000008036aee7 is an unknown value
RDX=0x0000000016f716a8 is an unknown value
RSP=0x0000000016baed40 is pointing into the stack for thread: 0x000000000ceee000
RBP=0x0000000000000000 is an unknown value
RSI=0x0000000000000003 is an unknown value
RDI=0x0000000000000005 is an unknown value
R8 =0x0000000016f717e8 is an unknown value
R9 =0x0000000000000000 is an unknown value
R10=0x0000000016f70080 is an unknown value
R11=0x0000000016f704c0 is an unknown value
R12=0x0000000000000002 is an unknown value
R13=0x0000000000000000 is an unknown value
R14=0x0000000000000001 is an unknown value
R15=0x0000000000000000 is an unknown value


Stack: [0x0000000016ab0000,0x0000000016bb0000],  sp=0x0000000016baed40,  free space=1019k
Native frames: (J=compiled Java code, j=interpreted, Vv=VM code, C=native code)
C  [ig4icd64.dll+0x36aee7]

[error occurred during error reporting (printing native stack), id 0xc0000005]

Java frames: (J=compiled Java code, j=interpreted, Vv=VM code)
j  com.sun.opengl.impl.GLImpl.glMaterialfv0(IILjava/lang/Object;I)V+0
j  com.sun.opengl.impl.GLImpl.glMaterialfv(IILjava/nio/FloatBuffer;)V+19
j  org.mt4j.util.opengl.GLMaterial.apply()V+14
j  org.mt4j.components.visibleComponents.AbstractVisibleComponent.preDraw(Lprocessing/core/PGraphics;)V+16
j  org.mt4j.components.MTCanvas.drawUpdateRecursive(Lorg/mt4j/components/MTComponent;JLprocessing/core/PGraphics;)V+288
j  org.mt4j.components.MTCanvas.drawUpdateRecursive(Lorg/mt4j/components/MTComponent;JLprocessing/core/PGraphics;)V+389
j  org.mt4j.components.MTCanvas.drawUpdateRecursive(Lorg/mt4j/components/MTComponent;JLprocessing/core/PGraphics;)V+262
j  org.mt4j.components.MTCanvas.drawAndUpdateCanvas(Lprocessing/core/PGraphics;J)V+56
j  org.mt4j.sceneManagement.SimpleAbstractScene.drawAndUpdate(Lprocessing/core/PGraphics;J)V+100
j  org.mt4j.MTApplication.runApplication()V+194
j  org.mt4j.MTApplication.draw()V+9
j  processing.core.PApplet.handleDraw()V+145
j  processing.core.PApplet.run()V+72
j  java.lang.Thread.run()V+11
v  ~StubRoutines::call_stub

---------------  P R O C E S S  ---------------

Java Threads: ( => current thread )
  0x000000000fac4000 JavaThread "ForkJoinScheduler" [_thread_blocked, id=5356, stack(0x000000001e9f0000,0x000000001eaf0000)]
  0x000000000fac3000 JavaThread "ForkJoinPool-2-worker-7" daemon [_thread_blocked, id=6056, stack(0x000000001d680000,0x000000001d780000)]
  0x000000000fac2800 JavaThread "ForkJoinPool-2-worker-6" daemon [_thread_blocked, id=3096, stack(0x000000001bb90000,0x000000001bc90000)]
  0x000000000fac1800 JavaThread "ForkJoinPool-2-worker-5" daemon [_thread_blocked, id=4588, stack(0x000000001e800000,0x000000001e900000)]
  0x000000000fac1000 JavaThread "ForkJoinPool-2-worker-4" daemon [_thread_blocked, id=4836, stack(0x00000000163e0000,0x00000000164e0000)]
  0x000000000fac0000 JavaThread "ForkJoinPool-2-worker-3" daemon [_thread_blocked, id=4568, stack(0x000000001d4f0000,0x000000001d5f0000)]
  0x000000000cefb800 JavaThread "ForkJoinPool-2-worker-2" daemon [_thread_blocked, id=4364, stack(0x000000001c460000,0x000000001c560000)]
  0x000000000cefb000 JavaThread "ForkJoinPool-2-worker-1" daemon [_thread_blocked, id=4312, stack(0x000000001c000000,0x000000001c100000)]
  0x000000000cefa000 JavaThread "ForkJoinPool-2-worker-0" daemon [_thread_blocked, id=3796, stack(0x000000001d3b0000,0x000000001d4b0000)]
  0x000000000cef9800 JavaThread "StatusWatcher" daemon [_thread_blocked, id=1264, stack(0x00000000162d0000,0x00000000163d0000)]
  0x000000000cef8800 JavaThread "UDP.Receiver(/127.0.0.1:57110)" [_thread_in_native, id=3568, stack(0x00000000160a0000,0x00000000161a0000)]
  0x000000000cef8000 JavaThread "ForkJoinScheduler" daemon [_thread_blocked, id=6140, stack(0x000000001c570000,0x000000001c670000)]
  0x000000000cef7000 JavaThread "ForkJoinPool-1-worker-7" daemon [_thread_blocked, id=3980, stack(0x000000001c2e0000,0x000000001c3e0000)]
  0x000000000cef6800 JavaThread "ForkJoinPool-1-worker-6" daemon [_thread_blocked, id=1848, stack(0x000000001c110000,0x000000001c210000)]
  0x000000000cef5800 JavaThread "ForkJoinPool-1-worker-5" daemon [_thread_blocked, id=5164, stack(0x000000001bde0000,0x000000001bee0000)]
  0x000000000cef4800 JavaThread "ForkJoinPool-1-worker-4" daemon [_thread_blocked, id=5532, stack(0x000000001b960000,0x000000001ba60000)]
  0x000000000cef4000 JavaThread "ForkJoinPool-1-worker-3" daemon [_thread_blocked, id=5376, stack(0x000000001bf00000,0x000000001c000000)]
  0x000000000cef3000 JavaThread "ForkJoinPool-1-worker-2" daemon [_thread_blocked, id=2388, stack(0x000000001bc90000,0x000000001bd90000)]
  0x000000000cef2800 JavaThread "ForkJoinPool-1-worker-1" daemon [_thread_blocked, id=1992, stack(0x000000001ba60000,0x000000001bb60000)]
  0x000000000cef1800 JavaThread "ForkJoinPool-1-worker-0" daemon [_thread_blocked, id=5708, stack(0x000000001b850000,0x000000001b950000)]
  0x000000000cef1000 JavaThread "Thread-8" [_thread_in_native, id=5248, stack(0x000000001b680000,0x000000001b780000)]
  0x000000000cef0000 JavaThread "Thread-7" [_thread_in_native, id=4344, stack(0x000000001b520000,0x000000001b620000)]
  0x000000000ceef800 JavaThread "Timer-0" daemon [_thread_blocked, id=4944, stack(0x000000001b2f0000,0x000000001b3f0000)]
  0x000000000ceee800 JavaThread "Thread-3" [_thread_in_native, id=5704, stack(0x000000001b400000,0x000000001b500000)]
=>0x000000000ceee000 JavaThread "Animation Thread" [_thread_in_native, id=5604, stack(0x0000000016ab0000,0x0000000016bb0000)]
  0x00000000108aa800 JavaThread "AWT-EventQueue-0" [_thread_blocked, id=676, stack(0x0000000015c50000,0x0000000015d50000)]
  0x0000000010a83800 JavaThread "AWT-Windows" daemon [_thread_in_native, id=5024, stack(0x0000000015e90000,0x0000000015f90000)]
  0x0000000010b80000 JavaThread "AWT-Shutdown" [_thread_blocked, id=5480, stack(0x0000000015d70000,0x0000000015e70000)]
  0x000000001231f000 JavaThread "Java2D Disposer" daemon [_thread_blocked, id=5736, stack(0x0000000015b30000,0x0000000015c30000)]
  0x0000000010691800 JavaThread "pool-4-thread-5" [_thread_blocked, id=5404, stack(0x00000000112d0000,0x00000000113d0000)]
  0x0000000010442800 JavaThread "pool-4-thread-4" [_thread_blocked, id=4800, stack(0x00000000116a0000,0x00000000117a0000)]
  0x00000000103ad000 JavaThread "pool-4-thread-3" [_thread_blocked, id=3500, stack(0x0000000010ed0000,0x0000000010fd0000)]
  0x0000000010352000 JavaThread "pool-4-thread-2" [_thread_blocked, id=5960, stack(0x00000000113e0000,0x00000000114e0000)]
  0x0000000010636800 JavaThread "pool-4-thread-1" [_thread_blocked, id=3268, stack(0x0000000011000000,0x0000000011100000)]
  0x000000000cf05800 JavaThread "Service Thread" daemon [_thread_blocked, id=5608, stack(0x000000000de60000,0x000000000df60000)]
  0x000000000ceec800 JavaThread "C2 CompilerThread1" daemon [_thread_in_native, id=1944, stack(0x000000000e7e0000,0x000000000e8e0000)]
  0x000000000cee7800 JavaThread "C2 CompilerThread0" daemon [_thread_blocked, id=4980, stack(0x000000000e6d0000,0x000000000e7d0000)]
  0x000000000cee6000 JavaThread "Attach Listener" daemon [_thread_blocked, id=4136, stack(0x000000000e480000,0x000000000e580000)]
  0x000000000cedf000 JavaThread "Signal Dispatcher" daemon [_thread_blocked, id=4228, stack(0x000000000e350000,0x000000000e450000)]
  0x00000000021f5800 JavaThread "Finalizer" daemon [_thread_blocked, id=4680, stack(0x000000000e220000,0x000000000e320000)]
  0x00000000021ef000 JavaThread "Reference Handler" daemon [_thread_blocked, id=1176, stack(0x000000000e120000,0x000000000e220000)]
  0x000000000220c800 JavaThread "main" [_thread_blocked, id=3372, stack(0x00000000023b0000,0x00000000024b0000)]

Other Threads:
  0x000000000ce62800 VMThread [stack: 0x000000000dfc0000,0x000000000e0c0000] [id=2948]
  0x000000000cf10800 WatcherThread [stack: 0x000000000e5c0000,0x000000000e6c0000] [id=5268]

VM state:not at safepoint (normal execution)

VM Mutex/Monitor currently owned by a thread: None

Heap
 PSYoungGen      total 116480K, used 93572K [0x00000000f5560000, 0x0000000000000000, 0x0000000000000000)
  eden space 58240K, 81% used [0x00000000f5560000,0x00000000f83f99d8,0x00000000f8e40000)
  from space 58240K, 78% used [0x00000000f8e40000,0x00000000fbb07a00,0x00000000fc720000)
  to   space 58240K, 0% used [0x00000000fc720000,0x00000000fc720000,0x0000000000000000)
 ParOldGen       total 141248K, used 91638K [0x00000000e0000000, 0x00000000e89f0000, 0x00000000f5560000)
  object space 141248K, 64% used [0x00000000e0000000,0x00000000e597d950,0x00000000e89f0000)
 PSPermGen       total 101888K, used 70792K [0x00000000d0000000, 0x00000000d6380000, 0x00000000e0000000)
  object space 101888K, 69% used [0x00000000d0000000,0x00000000d45220f0,0x00000000d6380000)

Code Cache  [0x00000000024b0000, 0x0000000002f30000, 0x000000000a4b0000)
 total_blobs=3815 nmethods=3019 adapters=745 free_code_cache=121702Kb largest_free_block=123264192

Compilation events (10 events):
Event: 43.144 Thread 0x000000000cee7800 3513             org.mt4j.util.TriangleNormalGenerator$VertexData::getArrayIndex (5 bytes)
Event: 43.144 Thread 0x000000000cee7800 nmethod 3513 0x00000000028e5650 code [0x00000000028e5780, 0x00000000028e57d8]
Event: 43.146 Thread 0x000000000cee7800 3514             org.mt4j.util.TriangleNormalGenerator$VertexData::getNeighborFaces (5 bytes)
Event: 43.147 Thread 0x000000000cee7800 nmethod 3514 0x00000000028e5450 code [0x00000000028e5580, 0x00000000028e55d8]
Event: 43.147 Thread 0x000000000cee7800   37 %           org.mt4j.components.bounds.BoundingSphere::averagePoints @ 12 (127 bytes)
Event: 43.157 Thread 0x000000000cee7800 nmethod 37% 0x0000000002b2c210 code [0x0000000002b2c3a0, 0x0000000002b2c8c8]
Event: 43.158 Thread 0x000000000cee7800 3515             org.mt4j.util.math.Vertex::getSubtracted (59 bytes)
Event: 43.160 Thread 0x000000000cee7800 nmethod 3515 0x00000000028e5090 code [0x00000000028e51e0, 0x00000000028e5338]
Event: 43.161 Thread 0x000000000cee7800 3516             org.mt4j.util.math.Vector3D::lengthSquared (30 bytes)
Event: 43.161 Thread 0x000000000cee7800 nmethod 3516 0x0000000002953590 code [0x00000000029536c0, 0x0000000002953738]

GC Heap History (10 events):
Event: 30.953 GC heap before
{Heap before GC invocations=17 (full 2):
 PSYoungGen      total 124480K, used 105664K [0x00000000f5560000, 0x00000000ffec0000, 0x0000000000000000)
  eden space 78720K, 100% used [0x00000000f5560000,0x00000000fa240000,0x00000000fa240000)
  from space 45760K, 58% used [0x00000000fd210000,0x00000000fec60160,0x00000000ffec0000)
  to   space 47360K, 0% used [0x00000000fa240000,0x00000000fa240000,0x00000000fd080000)
 ParOldGen       total 141248K, used 61861K [0x00000000e0000000, 0x00000000e89f0000, 0x00000000f5560000)
  object space 141248K, 43% used [0x00000000e0000000,0x00000000e3c697b8,0x00000000e89f0000)
 PSPermGen       total 101888K, used 52436K [0x00000000d0000000, 0x00000000d6380000, 0x00000000e0000000)
  object space 101888K, 51% used [0x00000000d0000000,0x00000000d33353b0,0x00000000d6380000)
Event: 31.105 GC heap after
Heap after GC invocations=17 (full 2):
 PSYoungGen      total 111168K, used 32397K [0x00000000f5560000, 0x0000000000000000, 0x0000000000000000)
  eden space 78720K, 0% used [0x00000000f5560000,0x00000000f5560000,0x00000000fa240000)
  from space 32448K, 99% used [0x00000000fa240000,0x00000000fc1e3628,0x00000000fc1f0000)
  to   space 49408K, 0% used [0x00000000fcfc0000,0x00000000fcfc0000,0x0000000000000000)
 ParOldGen       total 141248K, used 61861K [0x00000000e0000000, 0x00000000e89f0000, 0x00000000f5560000)
  object space 141248K, 43% used [0x00000000e0000000,0x00000000e3c697b8,0x00000000e89f0000)
 PSPermGen       total 101888K, used 52436K [0x00000000d0000000, 0x00000000d6380000, 0x00000000e0000000)
  object space 101888K, 51% used [0x00000000d0000000,0x00000000d33353b0,0x00000000d6380000)
}
Event: 35.186 GC heap before
{Heap before GC invocations=18 (full 2):
 PSYoungGen      total 111168K, used 111117K [0x00000000f5560000, 0x0000000000000000, 0x0000000000000000)
  eden space 78720K, 100% used [0x00000000f5560000,0x00000000fa240000,0x00000000fa240000)
  from space 32448K, 99% used [0x00000000fa240000,0x00000000fc1e3628,0x00000000fc1f0000)
  to   space 49408K, 0% used [0x00000000fcfc0000,0x00000000fcfc0000,0x0000000000000000)
 ParOldGen       total 141248K, used 61861K [0x00000000e0000000, 0x00000000e89f0000, 0x00000000f5560000)
  object space 141248K, 43% used [0x00000000e0000000,0x00000000e3c697b8,0x00000000e89f0000)
 PSPermGen       total 101888K, used 67183K [0x00000000d0000000, 0x00000000d6380000, 0x00000000e0000000)
  object space 101888K, 65% used [0x00000000d0000000,0x00000000d419be98,0x00000000d6380000)
Event: 35.242 GC heap after
Heap after GC invocations=18 (full 2):
 PSYoungGen      total 111360K, used 47297K [0x00000000f5560000, 0x0000000000000000, 0x0000000000000000)
  eden space 61952K, 0% used [0x00000000f5560000,0x00000000f5560000,0x00000000f91e0000)
  from space 49408K, 95% used [0x00000000fcfc0000,0x00000000ffdf0538,0x0000000000000000)
  to   space 56384K, 0% used [0x00000000f91e0000,0x00000000f91e0000,0x00000000fc8f0000)
 ParOldGen       total 141248K, used 61861K [0x00000000e0000000, 0x00000000e89f0000, 0x00000000f5560000)
  object space 141248K, 43% used [0x00000000e0000000,0x00000000e3c697b8,0x00000000e89f0000)
 PSPermGen       total 101888K, used 67183K [0x00000000d0000000, 0x00000000d6380000, 0x00000000e0000000)
  object space 101888K, 65% used [0x00000000d0000000,0x00000000d419be98,0x00000000d6380000)
}
Event: 36.125 GC heap before
{Heap before GC invocations=19 (full 2):
 PSYoungGen      total 111360K, used 109249K [0x00000000f5560000, 0x0000000000000000, 0x0000000000000000)
  eden space 61952K, 100% used [0x00000000f5560000,0x00000000f91e0000,0x00000000f91e0000)
  from space 49408K, 95% used [0x00000000fcfc0000,0x00000000ffdf0538,0x0000000000000000)
  to   space 56384K, 0% used [0x00000000f91e0000,0x00000000f91e0000,0x00000000fc8f0000)
 ParOldGen       total 141248K, used 61861K [0x00000000e0000000, 0x00000000e89f0000, 0x00000000f5560000)
  object space 141248K, 43% used [0x00000000e0000000,0x00000000e3c697b8,0x00000000e89f0000)
 PSPermGen       total 101888K, used 67269K [0x00000000d0000000, 0x00000000d6380000, 0x00000000e0000000)
  object space 101888K, 66% used [0x00000000d0000000,0x00000000d41b1458,0x00000000d6380000)
Event: 36.206 GC heap after
Heap after GC invocations=19 (full 2):
 PSYoungGen      total 118336K, used 56379K [0x00000000f5560000, 0x0000000000000000, 0x0000000000000000)
  eden space 61952K, 0% used [0x00000000f5560000,0x00000000f5560000,0x00000000f91e0000)
  from space 56384K, 99% used [0x00000000f91e0000,0x00000000fc8eed20,0x00000000fc8f0000)
  to   space 56384K, 0% used [0x00000000fc8f0000,0x00000000fc8f0000,0x0000000000000000)
 ParOldGen       total 141248K, used 70777K [0x00000000e0000000, 0x00000000e89f0000, 0x00000000f5560000)
  object space 141248K, 50% used [0x00000000e0000000,0x00000000e451e420,0x00000000e89f0000)
 PSPermGen       total 101888K, used 67269K [0x00000000d0000000, 0x00000000d6380000, 0x00000000e0000000)
  object space 101888K, 66% used [0x00000000d0000000,0x00000000d41b1458,0x00000000d6380000)
}
Event: 37.422 GC heap before
{Heap before GC invocations=20 (full 2):
 PSYoungGen      total 118336K, used 118331K [0x00000000f5560000, 0x0000000000000000, 0x0000000000000000)
  eden space 61952K, 100% used [0x00000000f5560000,0x00000000f91e0000,0x00000000f91e0000)
  from space 56384K, 99% used [0x00000000f91e0000,0x00000000fc8eed20,0x00000000fc8f0000)
  to   space 56384K, 0% used [0x00000000fc8f0000,0x00000000fc8f0000,0x0000000000000000)
 ParOldGen       total 141248K, used 70777K [0x00000000e0000000, 0x00000000e89f0000, 0x00000000f5560000)
  object space 141248K, 50% used [0x00000000e0000000,0x00000000e451e420,0x00000000e89f0000)
 PSPermGen       total 101888K, used 67816K [0x00000000d0000000, 0x00000000d6380000, 0x00000000e0000000)
  object space 101888K, 66% used [0x00000000d0000000,0x00000000d423a080,0x00000000d6380000)
Event: 37.553 GC heap after
Heap after GC invocations=20 (full 2):
 PSYoungGen      total 114624K, used 55963K [0x00000000f5560000, 0x0000000000000000, 0x0000000000000000)
  eden space 58240K, 0% used [0x00000000f5560000,0x00000000f5560000,0x00000000f8e40000)
  from space 56384K, 99% used [0x00000000fc8f0000,0x00000000fff96e48,0x0000000000000000)
  to   space 58240K, 0% used [0x00000000f8e40000,0x00000000f8e40000,0x00000000fc720000)
 ParOldGen       total 141248K, used 81176K [0x00000000e0000000, 0x00000000e89f0000, 0x00000000f5560000)
  object space 141248K, 57% used [0x00000000e0000000,0x00000000e4f46328,0x00000000e89f0000)
 PSPermGen       total 101888K, used 67816K [0x00000000d0000000, 0x00000000d6380000, 0x00000000e0000000)
  object space 101888K, 66% used [0x00000000d0000000,0x00000000d423a080,0x00000000d6380000)
}
Event: 40.028 GC heap before
{Heap before GC invocations=21 (full 2):
 PSYoungGen      total 114624K, used 114203K [0x00000000f5560000, 0x0000000000000000, 0x0000000000000000)
  eden space 58240K, 100% used [0x00000000f5560000,0x00000000f8e40000,0x00000000f8e40000)
  from space 56384K, 99% used [0x00000000fc8f0000,0x00000000fff96e48,0x0000000000000000)
  to   space 58240K, 0% used [0x00000000f8e40000,0x00000000f8e40000,0x00000000fc720000)
 ParOldGen       total 141248K, used 81176K [0x00000000e0000000, 0x00000000e89f0000, 0x00000000f5560000)
  object space 141248K, 57% used [0x00000000e0000000,0x00000000e4f46328,0x00000000e89f0000)
 PSPermGen       total 101888K, used 69299K [0x00000000d0000000, 0x00000000d6380000, 0x00000000e0000000)
  object space 101888K, 68% used [0x00000000d0000000,0x00000000d43acd68,0x00000000d6380000)
Event: 40.281 GC heap after
Heap after GC invocations=21 (full 2):
 PSYoungGen      total 116480K, used 45854K [0x00000000f5560000, 0x0000000000000000, 0x0000000000000000)
  eden space 58240K, 0% used [0x00000000f5560000,0x00000000f5560000,0x00000000f8e40000)
  from space 58240K, 78% used [0x00000000f8e40000,0x00000000fbb07a00,0x00000000fc720000)
  to   space 58240K, 0% used [0x00000000fc720000,0x00000000fc720000,0x0000000000000000)
 ParOldGen       total 141248K, used 91638K [0x00000000e0000000, 0x00000000e89f0000, 0x00000000f5560000)
  object space 141248K, 64% used [0x00000000e0000000,0x00000000e597d950,0x00000000e89f0000)
 PSPermGen       total 101888K, used 69299K [0x00000000d0000000, 0x00000000d6380000, 0x00000000e0000000)
  object space 101888K, 68% used [0x00000000d0000000,0x00000000d43acd68,0x00000000d6380000)
}

Deoptimization events (10 events):
Event: 38.734 Thread 0x000000000ceee000 Uncommon trap -58 fr.pc 0x00000000028c4170
Event: 38.734 Thread 0x000000000ceee000 Uncommon trap -58 fr.pc 0x00000000028c4170
Event: 38.948 Thread 0x000000000ceee000 Uncommon trap -83 fr.pc 0x0000000002ca2dd8
Event: 39.118 Thread 0x000000000ceee000 Uncommon trap -34 fr.pc 0x00000000025698e0
Event: 39.670 Thread 0x000000000ceee000 Uncommon trap -34 fr.pc 0x0000000002703310
Event: 39.921 Thread 0x000000000ceee000 Uncommon trap -34 fr.pc 0x0000000002c21024
Event: 39.922 Thread 0x000000000ceee000 Uncommon trap -34 fr.pc 0x0000000002c21024
Event: 40.868 Thread 0x000000000ceee000 Uncommon trap -34 fr.pc 0x0000000002cfbd90
Event: 40.934 Thread 0x000000000ceee000 Uncommon trap -83 fr.pc 0x00000000028d2694
Event: 41.057 Thread 0x000000000ceee000 Uncommon trap -34 fr.pc 0x00000000025698e0

Internal exceptions (10 events):
Event: 43.117 Thread 0x000000000fac2800 Threw 0x00000000f83ee010 at C:\jdk7u1_64p\jdk7u5\hotspot\src\share\vm\prims\jvm.cpp:1166
Event: 43.117 Thread 0x000000000fac2800 Threw 0x00000000f83eeb70 at C:\jdk7u1_64p\jdk7u5\hotspot\src\share\vm\prims\jvm.cpp:1166
Event: 43.118 Thread 0x000000000fac0000 Threw 0x00000000f832b8d8 at C:\jdk7u1_64p\jdk7u5\hotspot\src\share\vm\prims\jvm.cpp:1166
Event: 43.118 Thread 0x000000000fac0000 Threw 0x00000000f832cd50 at C:\jdk7u1_64p\jdk7u5\hotspot\src\share\vm\prims\jvm.cpp:1166
Event: 43.118 Thread 0x000000000fac0000 Threw 0x00000000f832d438 at C:\jdk7u1_64p\jdk7u5\hotspot\src\share\vm\prims\jvm.cpp:1166
Event: 43.118 Thread 0x000000000fac0000 Threw 0x00000000f832df98 at C:\jdk7u1_64p\jdk7u5\hotspot\src\share\vm\prims\jvm.cpp:1166
Event: 43.275 Thread 0x000000000ceee000 Threw 0x00000000f81dee80 at C:\jdk7u1_64p\jdk7u5\hotspot\src\share\vm\prims\jvm.cpp:1166
Event: 43.276 Thread 0x000000000ceee000 Threw 0x00000000f81dfef8 at C:\jdk7u1_64p\jdk7u5\hotspot\src\share\vm\prims\jvm.cpp:1166
Event: 43.276 Thread 0x000000000ceee000 Threw 0x00000000f81e04c0 at C:\jdk7u1_64p\jdk7u5\hotspot\src\share\vm\prims\jvm.cpp:1166
Event: 43.276 Thread 0x000000000ceee000 Threw 0x00000000f81e0d08 at C:\jdk7u1_64p\jdk7u5\hotspot\src\share\vm\prims\jvm.cpp:1166

Events (10 events):
Event: 43.276 loading class 0x000000001183cc10
Event: 43.286 loading class 0x000000001183cc10 done
Event: 43.286 loading class 0x000000000f43baa0
Event: 43.325 loading class 0x000000000f43baa0 done
Event: 43.325 loading class 0x000000000f5ac170
Event: 43.325 loading class 0x000000000f33ecc0
Event: 43.325 loading class 0x000000000f86bbd0
Event: 43.358 loading class 0x000000000f86bbd0 done
Event: 43.358 loading class 0x000000000f33ecc0 done
Event: 43.358 loading class 0x000000000f5ac170 done


Dynamic libraries:
0x000000003f730000 - 0x000000003f763000 	C:\Windows\system32\java.exe
0x0000000077660000 - 0x0000000077809000 	C:\Windows\SYSTEM32\ntdll.dll
0x0000000077540000 - 0x000000007765f000 	C:\Windows\system32\kernel32.dll
0x00000000fdda0000 - 0x00000000fde0b000 	C:\Windows\system32\KERNELBASE.dll
0x00000000fe470000 - 0x00000000fe54b000 	C:\Windows\system32\ADVAPI32.dll
0x00000000fe070000 - 0x00000000fe10f000 	C:\Windows\system32\msvcrt.dll
0x00000000fe820000 - 0x00000000fe83f000 	C:\Windows\SYSTEM32\sechost.dll
0x00000000fe550000 - 0x00000000fe67d000 	C:\Windows\system32\RPCRT4.dll
0x0000000077440000 - 0x000000007753a000 	C:\Windows\system32\USER32.dll
0x00000000fe680000 - 0x00000000fe6e7000 	C:\Windows\system32\GDI32.dll
0x00000000fe8e0000 - 0x00000000fe8ee000 	C:\Windows\system32\LPK.dll
0x00000000fe900000 - 0x00000000fe9c9000 	C:\Windows\system32\USP10.dll
0x00000000fc510000 - 0x00000000fc704000 	C:\Windows\WinSxS\amd64_microsoft.windows.common-controls_6595b64144ccf1df_6.0.7601.17514_none_fa396087175ac9ac\COMCTL32.dll
0x00000000fe9d0000 - 0x00000000fea41000 	C:\Windows\system32\SHLWAPI.dll
0x00000000fead0000 - 0x00000000feafe000 	C:\Windows\system32\IMM32.DLL
0x00000000fe6f0000 - 0x00000000fe7f9000 	C:\Windows\system32\MSCTF.dll
0x000000006b2e0000 - 0x000000006b3b1000 	C:\Program Files\Java\jre7\bin\msvcr100.dll
0x0000000068400000 - 0x0000000068b1a000 	C:\Program Files\Java\jre7\bin\server\jvm.dll
0x00000000f8ca0000 - 0x00000000f8ca9000 	C:\Windows\system32\WSOCK32.dll
0x00000000fe110000 - 0x00000000fe15d000 	C:\Windows\system32\WS2_32.dll
0x00000000fe8f0000 - 0x00000000fe8f8000 	C:\Windows\system32\NSI.dll
0x00000000f5970000 - 0x00000000f59ab000 	C:\Windows\system32\WINMM.dll
0x0000000077820000 - 0x0000000077827000 	C:\Windows\system32\PSAPI.DLL
0x000000006c370000 - 0x000000006c37f000 	C:\Program Files\Java\jre7\bin\verify.dll
0x000000006b470000 - 0x000000006b498000 	C:\Program Files\Java\jre7\bin\java.dll
0x000000006c2d0000 - 0x000000006c2e5000 	C:\Program Files\Java\jre7\bin\zip.dll
0x00000000fca00000 - 0x00000000fca0a000 	C:\Users\ghagerer\AppData\Local\Temp\jansi-64-1.7.dll
0x0000000070a20000 - 0x0000000070ac3000 	C:\Windows\WinSxS\amd64_microsoft.vc90.crt_1fc8b3b9a1e18e3b_9.0.30729.6161_none_08e61857a83bc251\MSVCR90.dll
0x000000006c1b0000 - 0x000000006c1c9000 	C:\Program Files\Java\jre7\bin\net.dll
0x00000000fd2f0000 - 0x00000000fd345000 	C:\Windows\system32\mswsock.dll
0x00000000fd2e0000 - 0x00000000fd2e7000 	C:\Windows\System32\wship6.dll
0x000000006b450000 - 0x000000006b461000 	C:\Program Files\Java\jre7\bin\nio.dll
0x00000000fd540000 - 0x00000000fd557000 	C:\Windows\system32\CRYPTSP.dll
0x00000000fd050000 - 0x00000000fd097000 	C:\Windows\system32\rsaenh.dll
0x00000000fcdc0000 - 0x00000000fcdde000 	C:\Windows\system32\USERENV.dll
0x00000000fdac0000 - 0x00000000fdacf000 	C:\Windows\system32\profapi.dll
0x00000000fd9b0000 - 0x00000000fd9bf000 	C:\Windows\system32\CRYPTBASE.dll
0x00000000fb9a0000 - 0x00000000fb9b5000 	C:\Windows\system32\NLAapi.dll
0x00000000fb690000 - 0x00000000fb6a5000 	C:\Windows\system32\napinsp.dll
0x00000000fb650000 - 0x00000000fb669000 	C:\Windows\system32\pnrpnsp.dll
0x00000000fd170000 - 0x00000000fd1cb000 	C:\Windows\system32\DNSAPI.dll
0x00000000fb480000 - 0x00000000fb48b000 	C:\Windows\System32\winrnr.dll
0x00000000fa570000 - 0x00000000fa59f000 	C:\Program Files\Common Files\Microsoft Shared\Windows Live\WLIDNSP.DLL
0x00000000fb470000 - 0x00000000fb480000 	C:\Windows\system32\wshbth.dll
0x00000000fcca0000 - 0x00000000fcca7000 	C:\Windows\System32\wshtcpip.dll
0x00000000fb380000 - 0x00000000fb3a7000 	C:\Windows\system32\IPHLPAPI.DLL
0x00000000fb500000 - 0x00000000fb50b000 	C:\Windows\system32\WINNSI.DLL
0x00000000fa560000 - 0x00000000fa568000 	C:\Windows\system32\rasadhlp.dll
0x00000000fa760000 - 0x00000000fa7b3000 	C:\Windows\System32\fwpuclnt.dll
0x000000006b140000 - 0x000000006b2d4000 	C:\Program Files\Java\jre7\bin\awt.dll
0x00000000feb00000 - 0x00000000febd7000 	C:\Windows\system32\OLEAUT32.dll
0x00000000fe160000 - 0x00000000fe363000 	C:\Windows\system32\ole32.dll
0x00000000fc070000 - 0x00000000fc0c6000 	C:\Windows\system32\uxtheme.dll
0x00000000fbc70000 - 0x00000000fbc88000 	C:\Windows\system32\dwmapi.dll
0x000000006b410000 - 0x000000006b444000 	C:\Program Files\Java\jre7\bin\fontmanager.dll
0x0000000002310000 - 0x000000000236a000 	C:\Users\ghagerer\AppData\Local\Temp\sbt_12ede769\jogl.dll
0x00000000f57c0000 - 0x00000000f58dd000 	C:\Windows\system32\OPENGL32.dll
0x00000000f5770000 - 0x00000000f579d000 	C:\Windows\system32\GLU32.dll
0x00000000f5670000 - 0x00000000f5761000 	C:\Windows\system32\DDRAW.dll
0x00000000f5660000 - 0x00000000f5668000 	C:\Windows\system32\DCIMAN32.dll
0x00000000fde90000 - 0x00000000fe067000 	C:\Windows\system32\SETUPAPI.dll
0x00000000fde50000 - 0x00000000fde86000 	C:\Windows\system32\CFGMGR32.dll
0x00000000fdb70000 - 0x00000000fdb8a000 	C:\Windows\system32\DEVOBJ.dll
0x00000000746a0000 - 0x0000000074769000 	C:\Windows\WinSxS\amd64_microsoft.vc80.crt_1fc8b3b9a1e18e3b_8.0.50727.6195_none_88e41e092fab0294\MSVCR80.dll
0x000000006c3d0000 - 0x000000006c3d7000 	C:\Users\ghagerer\AppData\Local\Temp\sbt_12ede769\jawt.dll
0x0000000000590000 - 0x0000000000597000 	C:\Users\ghagerer\AppData\Local\Temp\sbt_12ede769\jogl_awt.dll
0x0000000080000000 - 0x00000000811eb000 	C:\Windows\system32\ig4icd64.dll
0x00000000f6ef0000 - 0x00000000f6f0b000 	C:\Users\ghagerer\AppData\Local\Temp\sbt_12ede769\Win7Touch64.dll
0x00000000fd950000 - 0x00000000fd9a7000 	C:\Windows\system32\apphelp.dll
0x00000000f7c90000 - 0x00000000f7db5000 	C:\Windows\system32\dbghelp.dll

VM Arguments:
jvm_args: -Xmx512M -XX:MaxPermSize=256m -XX:ReservedCodeCacheSize=128m -Dsbt.log.format=true 
java_command: SbtJansiLaunch run
Launcher Type: SUN_STANDARD

Environment Variables:
PATH=C:\Program Files\Common Files\Microsoft Shared\Windows Live;C:\Program Files (x86)\Common Files\Microsoft Shared\Windows Live;C:\Windows\system32;C:\Windows;C:\Windows\System32\Wbem;C:\Windows\System32\WindowsPowerShell\v1.0\;C:\Program Files (x86)\Windows Live\Shared;C:\Program Files (x86)\Intel\Services\IPT\;C:\Program Files\TortoiseSVN\bin;C:\Program Files\Java\jdk1.7.0_05\bin;C:\Program Files\Java\jre7\bin;C:\Program Files (x86)\MultiMarkdown;C:\Program Files\LaTeX\MiKTeX 2.9\miktex\bin\x64\;C:\play;C:\Program Files (x86)\Windows Kits\8.0\Windows Performance Toolkit\;C:\Program Files (x86)\scala\bin;C:\Program Files\TortoiseGit\bin;C:\Program Files (x86)\Git\cmd;C:\Program Files (x86)\sbt\;C:\wamp\bin\php\php5.3.13;
USERNAME=ghagerer
OS=Windows_NT
PROCESSOR_IDENTIFIER=Intel64 Family 6 Model 42 Stepping 7, GenuineIntel



---------------  S Y S T E M  ---------------

OS: Windows 7 , 64 bit Build 7601 Service Pack 1

CPU:total 4 (2 cores per cpu, 2 threads per core) family 6 model 42 stepping 7, cmov, cx8, fxsr, mmx, sse, sse2, sse3, ssse3, sse4.1, sse4.2, popcnt, avx, ht, tsc, tscinvbit

Memory: 4k page, physical 4042096k(804460k free), swap 10101292k(5537012k free)

vm_info: Java HotSpot(TM) 64-Bit Server VM (23.1-b03) for windows-amd64 JRE (1.7.0_05-b05), built on May 15 2012 18:09:30 by "java_re" with unknown MS VC++:1600

time: Thu Jun 06 10:55:05 2013
elapsed time: 43 seconds

